<?xml version="1.0" encoding="UTF-8"?>
<testng-results ignored="0" total="2" passed="2" failed="0" skipped="0">
  <reporter-output>
  </reporter-output>
  <suite started-at="2022-10-13T03:00:05Z" name="Default suite" finished-at="2022-10-13T03:00:06Z" duration-ms="1244">
    <groups>
    </groups>
    <test started-at="2022-10-13T03:00:05Z" name="Default test" finished-at="2022-10-13T03:00:06Z" duration-ms="1244">
      <class name="testvagrant.com.qa.ResponseValidation">
        <test-method signature="testCase1()[pri:0, instance:testvagrant.com.qa.ResponseValidation@6f8d7714]" started-at="2022-10-13T03:00:05Z" name="testCase1" finished-at="2022-10-13T03:00:06Z" duration-ms="1100" status="PASS">
          <reporter-output>
          </reporter-output>
        </test-method> <!-- testCase1 -->
        <test-method signature="testCase2()[pri:0, instance:testvagrant.com.qa.ResponseValidation@6f8d7714]" started-at="2022-10-13T03:00:06Z" name="testCase2" finished-at="2022-10-13T03:00:06Z" duration-ms="54" status="PASS">
          <reporter-output>
          </reporter-output>
        </test-method> <!-- testCase2 -->
      </class> <!-- testvagrant.com.qa.ResponseValidation -->
    </test> <!-- Default test -->
  </suite> <!-- Default suite -->
</testng-results>
